{"C:\\Users\\Pelumi Isola\\Desktop\\Pelumi\\language-translator\\translator.js": {"path":"C:\\Users\\Pelumi Isola\\Desktop\\Pelumi\\language-translator\\translator.js","statementMap":{"0":{"start":{"line":1,"column":14},"end":{"line":1,"column":30}},"1":{"start":{"line":5,"column":4},"end":{"line":5,"column":25}},"2":{"start":{"line":6,"column":4},"end":{"line":6,"column":65}},"3":{"start":{"line":10,"column":4},"end":{"line":38,"column":5}},"4":{"start":{"line":11,"column":23},"end":{"line":26,"column":7}},"5":{"start":{"line":28,"column":6},"end":{"line":32,"column":7}},"6":{"start":{"line":29,"column":8},"end":{"line":29,"column":65}},"7":{"start":{"line":31,"column":8},"end":{"line":31,"column":63}},"8":{"start":{"line":35,"column":8},"end":{"line":35,"column":82}},"9":{"start":{"line":36,"column":6},"end":{"line":36,"column":52}},"10":{"start":{"line":37,"column":6},"end":{"line":37,"column":32}},"11":{"start":{"line":42,"column":0},"end":{"line":42,"column":28}}},"fnMap":{"0":{"name":"(anonymous_0)","decl":{"start":{"line":4,"column":2},"end":{"line":4,"column":3}},"loc":{"start":{"line":4,"column":22},"end":{"line":7,"column":3}},"line":4},"1":{"name":"(anonymous_1)","decl":{"start":{"line":9,"column":2},"end":{"line":9,"column":3}},"loc":{"start":{"line":9,"column":57},"end":{"line":39,"column":3}},"line":9}},"branchMap":{"0":{"loc":{"start":{"line":9,"column":36},"end":{"line":9,"column":55}},"type":"default-arg","locations":[{"start":{"line":9,"column":49},"end":{"line":9,"column":55}}],"line":9},"1":{"loc":{"start":{"line":28,"column":6},"end":{"line":32,"column":7}},"type":"if","locations":[{"start":{"line":28,"column":6},"end":{"line":32,"column":7}},{"start":{"line":30,"column":13},"end":{"line":32,"column":7}}],"line":28},"2":{"loc":{"start":{"line":28,"column":10},"end":{"line":28,"column":80}},"type":"binary-expr","locations":[{"start":{"line":28,"column":10},"end":{"line":28,"column":23}},{"start":{"line":28,"column":27},"end":{"line":28,"column":45}},{"start":{"line":28,"column":49},"end":{"line":28,"column":80}}],"line":28},"3":{"loc":{"start":{"line":35,"column":8},"end":{"line":35,"column":82}},"type":"binary-expr","locations":[{"start":{"line":35,"column":8},"end":{"line":35,"column":37}},{"start":{"line":35,"column":41},"end":{"line":35,"column":54}},{"start":{"line":35,"column":58},"end":{"line":35,"column":82}}],"line":35}},"s":{"0":1,"1":4,"2":4,"3":4,"4":4,"5":2,"6":1,"7":1,"8":3,"9":3,"10":3,"11":1},"f":{"0":4,"1":4},"b":{"0":[3],"1":[1,1],"2":[2,2,2],"3":[3,2,0]},"_coverageSchema":"1a1c01bbd47fc00a2c39e90264f33305004495a9","hash":"285e2e553c4e324698d45a08b07169773583d745"}
}
